node:internal/modules/cjs/loader:1413
  throw err;
  ^

Error: Cannot find module 'node-fetch'
Require stack:
- /data/data/com.termux/files/home/myproject/frontend_node/index.js
    at Module._resolveFilename (node:internal/modules/cjs/loader:1410:15)
    at defaultResolveImpl (node:internal/modules/cjs/loader:1051:19)
    at resolveForCJSWithHooks (node:internal/modules/cjs/loader:1056:22)
    at Module._load (node:internal/modules/cjs/loader:1219:37)
    at TracingChannel.traceSync (node:diagnostics_channel:322:14)
    at wrapModuleLoad (node:internal/modules/cjs/loader:238:24)
    at Module.require (node:internal/modules/cjs/loader:1493:12)
    at require (node:internal/modules/helpers:152:16)
    at Object.<anonymous> (/data/data/com.termux/files/home/myproject/frontend_node/index.js:2:15)
    at Module._compile (node:internal/modules/cjs/loader:1738:14) {
  code: 'MODULE_NOT_FOUND',
  requireStack: [
    '/data/data/com.termux/files/home/myproject/frontend_node/index.js'
  ]
}

Node.js v24.6.0
